<?xml version="1.0" encoding="UTF-8"?>
<!-- Generated by org.testng.reporters.JUnitXMLReporter -->
<testsuite hostname="vocl-win7" tests="2" failures="1" timestamp="26 Jun 2017 09:34:45 GMT" time="21.736" errors="0">
  <testcase name="@BeforeTest setup" time="0.0" classname="LoginTest">
    <failure type="java.lang.NullPointerException">
      <![CDATA[java.lang.NullPointerException
	at org.webdriver.patatiumwebui.utils.TestBaseCase.setup(TestBaseCase.java:40)
... Removed 22 stack frames]]>
    </failure>
  </testcase> <!-- @BeforeTest setup -->
  <testcase name="@AfterTest tearDown" time="0.0" classname="LoginTest">
    <skipped/>
  </testcase> <!-- @AfterTest tearDown -->
  <testcase name="loginFail" time="0.01" classname="LoginTest">
    <skipped/>
  </testcase> <!-- loginFail -->
  <testcase name="loginFail" time="0.196" classname="LoginTest">
    <failure type="java.lang.NullPointerException">
      <![CDATA[java.lang.NullPointerException
	at org.webdriver.patatiumwebui.utils.ScreenShot.takeScreenshot(ScreenShot.java:24)
	at org.webdriver.patatiumwebui.utils.ScreenShot.takeScreenshot(ScreenShot.java:40)
	at org.webdriver.patatiumwebui.utils.TestListener.onTestSkipped(TestListener.java:151)
... Removed 21 stack frames]]>
    </failure>
  </testcase> <!-- loginFail -->
</testsuite>
