<?xml version="1.0" encoding="UTF-8"?>
<!-- Generated by org.testng.reporters.JUnitXMLReporter -->
<testsuite hostname="H1H2WDQHGBDBHZH" tests="2" failures="1" timestamp="10 Jul 2017 14:46:44 GMT" time="0.73" errors="0">
  <testcase name="@BeforeTest setup" time="0.0" classname="LoginTest">
    <failure type="java.lang.Error" message="Unresolved compilation problems: 
	Type mismatch: cannot convert from FirefoxDriver to WebDriver
	Type mismatch: cannot convert from ChromeDriver to WebDriver
	Type mismatch: cannot convert from InternetExplorerDriver to WebDriver
	Type mismatch: cannot convert from FirefoxDriver to WebDriver
">
      <![CDATA[java.lang.Error: Unresolved compilation problems: 
	Type mismatch: cannot convert from FirefoxDriver to WebDriver
	Type mismatch: cannot convert from ChromeDriver to WebDriver
	Type mismatch: cannot convert from InternetExplorerDriver to WebDriver
	Type mismatch: cannot convert from FirefoxDriver to WebDriver

	at org.webdriver.patatiumwebui.utils.TestBaseCase.setDriver(TestBaseCase.java:77)
	at org.webdriver.patatiumwebui.utils.TestBaseCase.setup(TestBaseCase.java:34)
... Removed 22 stack frames]]>
    </failure>
  </testcase> <!-- @BeforeTest setup -->
  <testcase name="@AfterTest tearDown" time="0.0" classname="LoginTest">
    <skipped/>
  </testcase> <!-- @AfterTest tearDown -->
  <testcase name="loginFail" time="0.009" classname="LoginTest">
    <skipped/>
  </testcase> <!-- loginFail -->
  <testcase name="loginFail" time="0.542" classname="LoginTest">
    <failure type="java.lang.NullPointerException">
      <![CDATA[java.lang.NullPointerException
	at org.webdriver.patatiumwebui.utils.ScreenShot.takeScreenshot(ScreenShot.java:24)
	at org.webdriver.patatiumwebui.utils.ScreenShot.takeScreenshot(ScreenShot.java:40)
	at org.webdriver.patatiumwebui.utils.TestListener.onTestSkipped(TestListener.java:151)
... Removed 21 stack frames]]>
    </failure>
  </testcase> <!-- loginFail -->
</testsuite>
